  [1m[36m (0.9ms)[0m  [1mCREATE DATABASE `gevent_development` DEFAULT CHARACTER SET `utf8` COLLATE `utf8_unicode_ci`[0m
  [1m[35m (0.5ms)[0m  CREATE DATABASE `gevent_test` DEFAULT CHARACTER SET `utf8` COLLATE `utf8_unicode_ci`
  [1m[36m (175.1ms)[0m  [1mCREATE TABLE `delayed_jobs` (`id` int(11) auto_increment PRIMARY KEY, `priority` int(11) DEFAULT 0 NOT NULL, `attempts` int(11) DEFAULT 0 NOT NULL, `handler` text NOT NULL, `last_error` text, `run_at` datetime, `locked_at` datetime, `failed_at` datetime, `locked_by` varchar(255), `queue` varchar(255), `created_at` datetime, `updated_at` datetime) ENGINE=InnoDB[0m
  [1m[35m (173.1ms)[0m  CREATE  INDEX `delayed_jobs_priority` USING btree ON `delayed_jobs` (`priority`, `run_at`) 
  [1m[36m (154.1ms)[0m  [1mCREATE TABLE `sources` (`id` int(11) auto_increment PRIMARY KEY, `provider` varchar(255), `uid` varchar(255), `name` varchar(255), `email` varchar(255), `oauth_token` varchar(255), `oauth_refresh_token` varchar(255), `oauth_expires_at` datetime, `user_id` int(11), `created_at` datetime NOT NULL, `updated_at` datetime NOT NULL) ENGINE=InnoDB[0m
  [1m[35m (122.4ms)[0m  CREATE  INDEX `index_sources_on_user_id` USING btree ON `sources` (`user_id`) 
  [1m[36m (138.6ms)[0m  [1mCREATE TABLE `users` (`id` int(11) auto_increment PRIMARY KEY, `email` varchar(255) DEFAULT '' NOT NULL, `encrypted_password` varchar(255) DEFAULT '' NOT NULL, `reset_password_token` varchar(255), `reset_password_sent_at` datetime, `remember_created_at` datetime, `sign_in_count` int(11) DEFAULT 0 NOT NULL, `current_sign_in_at` datetime, `last_sign_in_at` datetime, `current_sign_in_ip` varchar(255), `last_sign_in_ip` varchar(255), `confirmation_token` varchar(255), `confirmed_at` datetime, `confirmation_sent_at` datetime, `unconfirmed_email` varchar(255), `created_at` datetime NOT NULL, `updated_at` datetime NOT NULL, `first_name` varchar(255) DEFAULT '', `last_name` varchar(255) DEFAULT '', `member_type` int(11) DEFAULT 2, `provider` varchar(255), `uid` varchar(255), `oauth_token` varchar(255), `oauth_refresh_token` varchar(255), `oauth_expires_at` datetime, `invitation_sent_at` datetime, `authentication_token` varchar(255)) ENGINE=InnoDB[0m
  [1m[35m (139.2ms)[0m  CREATE UNIQUE INDEX `index_users_on_confirmation_token` USING btree ON `users` (`confirmation_token`) 
  [1m[36m (144.1ms)[0m  [1mCREATE UNIQUE INDEX `index_users_on_email` USING btree ON `users` (`email`) [0m
  [1m[35m (226.0ms)[0m  CREATE UNIQUE INDEX `index_users_on_reset_password_token` USING btree ON `users` (`reset_password_token`) 
  [1m[36m (129.4ms)[0m  [1mCREATE TABLE `schema_migrations` (`version` varchar(255) NOT NULL) ENGINE=InnoDB[0m
  [1m[35m (157.7ms)[0m  CREATE UNIQUE INDEX `unique_schema_migrations`  ON `schema_migrations` (`version`) 
  [1m[36m (0.3ms)[0m  [1mSELECT version FROM `schema_migrations`[0m
  [1m[35m (1.0ms)[0m  INSERT INTO `schema_migrations` (version) VALUES ('20151208164245')
  [1m[36m (0.5ms)[0m  [1mINSERT INTO `schema_migrations` (version) VALUES ('20151205082433')[0m
  [1m[35m (0.5ms)[0m  INSERT INTO `schema_migrations` (version) VALUES ('20151205083448')
  [1m[36m (0.5ms)[0m  [1mINSERT INTO `schema_migrations` (version) VALUES ('20151205084113')[0m
  [1m[35m (0.4ms)[0m  INSERT INTO `schema_migrations` (version) VALUES ('20151205104642')
  [1m[36m (0.4ms)[0m  [1mINSERT INTO `schema_migrations` (version) VALUES ('20151208034104')[0m
  [1m[35m (0.4ms)[0m  INSERT INTO `schema_migrations` (version) VALUES ('20151208105737')
  [1m[36mActiveRecord::SchemaMigration Load (0.2ms)[0m  [1mSELECT `schema_migrations`.* FROM `schema_migrations`[0m
  [1m[35mDelayed::Backend::ActiveRecord::Job Load (0.4ms)[0m  SELECT `delayed_jobs`.* FROM `delayed_jobs`
  [1m[36mUser Load (0.3ms)[0m  [1mSELECT `users`.* FROM `users`[0m
  [1m[35mUser Load (0.5ms)[0m  SELECT  `users`.* FROM `users`  WHERE `users`.`email` = 'admin@test.com'  ORDER BY `users`.`id` ASC LIMIT 1
  [1m[36m (0.2ms)[0m  [1mBEGIN[0m
  [1m[35mUser Exists (0.4ms)[0m  SELECT  1 AS one FROM `users`  WHERE `users`.`email` = BINARY 'admin@test.com' LIMIT 1
  [1m[36mUser Load (0.3ms)[0m  [1mSELECT  `users`.* FROM `users`  WHERE `users`.`authentication_token` = 'CXSEu7fxrL_B9xUs3oC7'  ORDER BY `users`.`id` ASC LIMIT 1[0m
  [1m[35mSQL (0.3ms)[0m  INSERT INTO `users` (`authentication_token`, `confirmed_at`, `created_at`, `email`, `encrypted_password`, `first_name`, `last_name`, `member_type`, `updated_at`) VALUES ('CXSEu7fxrL_B9xUs3oC7', '2016-04-05 02:00:25', '2016-04-05 02:00:25', 'admin@test.com', '$2a$10$rsD5mnp5oDUhML6zMPY4vuOeIkUPSW0y.4UK1pVhqyDtM1YZOPDHi', 'David', 'Lui', 1, '2016-04-05 02:00:25')
  [1m[36m (16.0ms)[0m  [1mCOMMIT[0m
  [1m[35mUser Load (0.6ms)[0m  SELECT  `users`.* FROM `users`  WHERE `users`.`id` = 1 LIMIT 1
DEPRECATION WARNING: confirm! is deprecated in favor of confirm. (called from <top (required)> at /Volumes/Work/zNode/aBunchProject/gevent-analysis/db/seeds.rb:22)


Started GET "/" for 192.168.0.139 at 2016-04-05 10:02:20 +0800
  [1m[36mActiveRecord::SchemaMigration Load (0.3ms)[0m  [1mSELECT `schema_migrations`.* FROM `schema_migrations`[0m
Processing by HomeController#index as HTML
  Rendered home/index.html.haml within layouts/application (14.3ms)
  Rendered layouts/_navigation.html.haml (73.3ms)
  Rendered layouts/_footer.html.haml (5.2ms)
Completed 200 OK in 12054ms (Views: 11998.2ms | ActiveRecord: 19.0ms)


Started POST "/users/sign_in" for 192.168.0.139 at 2016-04-05 10:02:50 +0800
Processing by Users::SessionsController#create as JSON
  Parameters: {"utf8"=>"✓", "authenticity_token"=>"PRLmTysagFY2fsP/Am2H33pZx7rFkhfLTm8ZSjroOFQ=", "fake_email"=>"", "fake_password"=>"[FILTERED]", "user"=>{"email"=>"admin@test.com", "password"=>"[FILTERED]"}}
  [1m[35mUser Load (0.4ms)[0m  SELECT  `users`.* FROM `users`  WHERE `users`.`email` = 'admin@test.com'  ORDER BY `users`.`id` ASC LIMIT 1
  [1m[36mCACHE (0.0ms)[0m  [1mSELECT  `users`.* FROM `users`  WHERE `users`.`email` = 'admin@test.com'  ORDER BY `users`.`id` ASC LIMIT 1[0m
Completed 401 Unauthorized in 107ms


Started POST "/users/sign_in" for 192.168.0.139 at 2016-04-05 10:03:11 +0800
Processing by Users::SessionsController#create as JSON
  Parameters: {"utf8"=>"✓", "authenticity_token"=>"PRLmTysagFY2fsP/Am2H33pZx7rFkhfLTm8ZSjroOFQ=", "fake_email"=>"", "fake_password"=>"[FILTERED]", "user"=>{"email"=>"admin@test.com", "password"=>"[FILTERED]"}}
  [1m[35mUser Load (0.4ms)[0m  SELECT  `users`.* FROM `users`  WHERE `users`.`email` = 'admin@test.com'  ORDER BY `users`.`id` ASC LIMIT 1
  [1m[36mCACHE (0.0ms)[0m  [1mSELECT  `users`.* FROM `users`  WHERE `users`.`email` = 'admin@test.com'  ORDER BY `users`.`id` ASC LIMIT 1[0m
  [1m[35m (0.2ms)[0m  BEGIN
  [1m[36mSQL (0.4ms)[0m  [1mUPDATE `users` SET `current_sign_in_at` = '2016-04-05 02:03:12', `current_sign_in_ip` = '192.168.0.139', `last_sign_in_at` = '2016-04-05 02:03:12', `last_sign_in_ip` = '192.168.0.139', `sign_in_count` = 1, `updated_at` = '2016-04-05 02:03:12' WHERE `users`.`id` = 1[0m
  [1m[35m (15.7ms)[0m  COMMIT
Completed 200 OK in 154ms (Views: 0.3ms | ActiveRecord: 16.8ms)


Started GET "/dashboard" for 192.168.0.139 at 2016-04-05 10:03:12 +0800
Processing by DashboardController#index as HTML
  [1m[36mUser Load (0.4ms)[0m  [1mSELECT  `users`.* FROM `users`  WHERE `users`.`id` = 1  ORDER BY `users`.`id` ASC LIMIT 1[0m
  Rendered dashboard/index.html.haml within layouts/dashboard (10.5ms)
  Rendered shared/_left_side_dashboard.html.haml (1.3ms)
  Rendered shared/_left_side.html.haml (3.8ms)
  Rendered layouts/_navigation.html.haml (0.9ms)
  Rendered shared/_breadcrumb_dashboard.html.haml (1.8ms)
  Rendered shared/_breadcrumb_dashboard_xs.html.haml (1.7ms)
  Rendered shared/_breadcrumbs.html.haml (6.7ms)
  Rendered layouts/_footer.html.haml (1.0ms)
Completed 200 OK in 1331ms (Views: 1328.4ms | ActiveRecord: 0.4ms)


Started GET "/dashboard.json?sEcho=1&iColumns=7&sColumns=%2C%2C%2C%2C%2C%2C&iDisplayStart=0&iDisplayLength=15&mDataProp_0=0&sSearch_0=&bRegex_0=false&bSearchable_0=true&bSortable_0=true&mDataProp_1=1&sSearch_1=&bRegex_1=false&bSearchable_1=true&bSortable_1=true&mDataProp_2=2&sSearch_2=&bRegex_2=false&bSearchable_2=true&bSortable_2=true&mDataProp_3=3&sSearch_3=&bRegex_3=false&bSearchable_3=true&bSortable_3=true&mDataProp_4=4&sSearch_4=&bRegex_4=false&bSearchable_4=true&bSortable_4=true&mDataProp_5=5&sSearch_5=&bRegex_5=false&bSearchable_5=true&bSortable_5=true&mDataProp_6=6&sSearch_6=&bRegex_6=false&bSearchable_6=true&bSortable_6=false&sSearch=&bRegex=false&iSortCol_0=0&sSortDir_0=asc&iSortingCols=1&_=1459821793757" for 192.168.0.139 at 2016-04-05 10:03:15 +0800
Processing by DashboardController#index as JSON
  Parameters: {"sEcho"=>"1", "iColumns"=>"7", "sColumns"=>",,,,,,", "iDisplayStart"=>"0", "iDisplayLength"=>"15", "mDataProp_0"=>"0", "sSearch_0"=>"", "bRegex_0"=>"false", "bSearchable_0"=>"true", "bSortable_0"=>"true", "mDataProp_1"=>"1", "sSearch_1"=>"", "bRegex_1"=>"false", "bSearchable_1"=>"true", "bSortable_1"=>"true", "mDataProp_2"=>"2", "sSearch_2"=>"", "bRegex_2"=>"false", "bSearchable_2"=>"true", "bSortable_2"=>"true", "mDataProp_3"=>"3", "sSearch_3"=>"", "bRegex_3"=>"false", "bSearchable_3"=>"true", "bSortable_3"=>"true", "mDataProp_4"=>"4", "sSearch_4"=>"", "bRegex_4"=>"false", "bSearchable_4"=>"true", "bSortable_4"=>"true", "mDataProp_5"=>"5", "sSearch_5"=>"", "bRegex_5"=>"false", "bSearchable_5"=>"true", "bSortable_5"=>"true", "mDataProp_6"=>"6", "sSearch_6"=>"", "bRegex_6"=>"false", "bSearchable_6"=>"true", "bSortable_6"=>"false", "sSearch"=>"", "bRegex"=>"false", "iSortCol_0"=>"0", "sSortDir_0"=>"asc", "iSortingCols"=>"1", "_"=>"1459821793757"}
  [1m[35mUser Load (0.4ms)[0m  SELECT  `users`.* FROM `users`  WHERE `users`.`id` = 1  ORDER BY `users`.`id` ASC LIMIT 1
  [1m[36m (0.4ms)[0m  [1mSELECT COUNT(*) FROM `users`  WHERE `users`.`member_type` = 2[0m
  [1m[35mCACHE (0.0ms)[0m  SELECT COUNT(*) FROM `users`  WHERE `users`.`member_type` = 2
  [1m[36mUser Load (0.6ms)[0m  [1mSELECT  `users`.* FROM `users`  WHERE `users`.`member_type` = 2  ORDER BY id asc LIMIT 15 OFFSET 0[0m
Completed 200 OK in 12ms (Views: 4.9ms | ActiveRecord: 1.4ms)


Started GET "/dashboard/users/new" for 192.168.0.139 at 2016-04-05 10:03:20 +0800
Processing by Dashboard::UsersController#new as JS
  [1m[35mUser Load (0.4ms)[0m  SELECT  `users`.* FROM `users`  WHERE `users`.`id` = 1  ORDER BY `users`.`id` ASC LIMIT 1
  Rendered dashboard/users/_new.html.haml (27.3ms)
  Rendered dashboard/users/new.js.erb (29.7ms)
Completed 200 OK in 85ms (Views: 80.8ms | ActiveRecord: 0.4ms)


Started DELETE "/users/sign_out" for 192.168.0.139 at 2016-04-05 10:03:57 +0800
Processing by Users::SessionsController#destroy as HTML
  Parameters: {"authenticity_token"=>"y2atj0PYUM5Ud7y6kr5ze2yWDvOGaQsiAGTA/NRM1r8="}
  [1m[36mUser Load (0.4ms)[0m  [1mSELECT  `users`.* FROM `users`  WHERE `users`.`id` = 1  ORDER BY `users`.`id` ASC LIMIT 1[0m
  [1m[35m (0.2ms)[0m  BEGIN
  [1m[36m (0.2ms)[0m  [1mCOMMIT[0m
Redirected to http://192.168.0.139:4050/
Completed 302 Found in 8ms (ActiveRecord: 0.7ms)


Started GET "/" for 192.168.0.139 at 2016-04-05 10:03:57 +0800
Processing by HomeController#index as HTML
  Rendered home/index.html.haml within layouts/application (0.4ms)
  Rendered layouts/_navigation.html.haml (3.8ms)
  Rendered layouts/_footer.html.haml (1.6ms)
Completed 200 OK in 1291ms (Views: 1288.2ms | ActiveRecord: 0.0ms)


Started GET "/login" for 192.168.0.139 at 2016-04-05 10:04:05 +0800

ActionController::RoutingError (No route matches [GET] "/login"):
  actionpack (4.1.0) lib/action_dispatch/middleware/debug_exceptions.rb:21:in `call'
  newrelic_rpm (3.11.2.286) lib/new_relic/agent/instrumentation/middleware_tracing.rb:67:in `call'
  actionpack (4.1.0) lib/action_dispatch/middleware/show_exceptions.rb:30:in `call'
  newrelic_rpm (3.11.2.286) lib/new_relic/agent/instrumentation/middleware_tracing.rb:67:in `call'
  railties (4.1.0) lib/rails/rack/logger.rb:38:in `call_app'
  railties (4.1.0) lib/rails/rack/logger.rb:20:in `block in call'
  activesupport (4.1.0) lib/active_support/tagged_logging.rb:68:in `block in tagged'
  activesupport (4.1.0) lib/active_support/tagged_logging.rb:26:in `tagged'
  activesupport (4.1.0) lib/active_support/tagged_logging.rb:68:in `tagged'
  railties (4.1.0) lib/rails/rack/logger.rb:20:in `call'
  quiet_assets (1.1.0) lib/quiet_assets.rb:27:in `call_with_quiet_assets'
  newrelic_rpm (3.11.2.286) lib/new_relic/agent/instrumentation/middleware_tracing.rb:67:in `call'
  actionpack (4.1.0) lib/action_dispatch/middleware/request_id.rb:21:in `call'
  newrelic_rpm (3.11.2.286) lib/new_relic/agent/instrumentation/middleware_tracing.rb:67:in `call'
  rack (1.5.5) lib/rack/methodoverride.rb:21:in `call'
  newrelic_rpm (3.11.2.286) lib/new_relic/agent/instrumentation/middleware_tracing.rb:67:in `call'
  rack (1.5.5) lib/rack/runtime.rb:17:in `call'
  newrelic_rpm (3.11.2.286) lib/new_relic/agent/instrumentation/middleware_tracing.rb:67:in `call'
  activesupport (4.1.0) lib/active_support/cache/strategy/local_cache_middleware.rb:26:in `call'
  newrelic_rpm (3.11.2.286) lib/new_relic/agent/instrumentation/middleware_tracing.rb:67:in `call'
  rack (1.5.5) lib/rack/lock.rb:17:in `call'
  newrelic_rpm (3.11.2.286) lib/new_relic/agent/instrumentation/middleware_tracing.rb:67:in `call'
  actionpack (4.1.0) lib/action_dispatch/middleware/static.rb:64:in `call'
  newrelic_rpm (3.11.2.286) lib/new_relic/agent/instrumentation/middleware_tracing.rb:67:in `call'
  rack (1.5.5) lib/rack/sendfile.rb:112:in `call'
  newrelic_rpm (3.11.2.286) lib/new_relic/agent/instrumentation/middleware_tracing.rb:67:in `call'
  rack-timeout (0.2.4) lib/rack/timeout.rb:108:in `call'
  newrelic_rpm (3.11.2.286) lib/new_relic/agent/instrumentation/middleware_tracing.rb:67:in `call'
  railties (4.1.0) lib/rails/engine.rb:514:in `call'
  railties (4.1.0) lib/rails/application.rb:144:in `call'
  newrelic_rpm (3.11.2.286) lib/new_relic/agent/instrumentation/middleware_tracing.rb:67:in `call'
  rack (1.5.5) lib/rack/content_length.rb:14:in `call'
  puma (2.11.1) lib/puma/server.rb:507:in `handle_request'
  puma (2.11.1) lib/puma/server.rb:375:in `process_client'
  puma (2.11.1) lib/puma/server.rb:262:in `block in run'
  puma (2.11.1) lib/puma/thread_pool.rb:104:in `call'
  puma (2.11.1) lib/puma/thread_pool.rb:104:in `block in spawn_thread'


  Rendered /Users/david/.rbenv/versions/2.1.4/lib/ruby/gems/2.1.0/gems/actionpack-4.1.0/lib/action_dispatch/middleware/templates/rescues/_trace.html.erb (1.4ms)
  Rendered /Users/david/.rbenv/versions/2.1.4/lib/ruby/gems/2.1.0/gems/actionpack-4.1.0/lib/action_dispatch/middleware/templates/routes/_route.html.erb (6.3ms)
  Rendered /Users/david/.rbenv/versions/2.1.4/lib/ruby/gems/2.1.0/gems/actionpack-4.1.0/lib/action_dispatch/middleware/templates/routes/_table.html.erb (21.1ms)
  Rendered /Users/david/.rbenv/versions/2.1.4/lib/ruby/gems/2.1.0/gems/actionpack-4.1.0/lib/action_dispatch/middleware/templates/rescues/routing_error.html.erb within rescues/layout (73.8ms)


Started POST "/users/sign_in" for 192.168.0.139 at 2016-04-05 10:04:32 +0800
Processing by Users::SessionsController#create as JSON
  Parameters: {"utf8"=>"✓", "authenticity_token"=>"Lxu3ttv/wNH3aM6lFIkTVsyuZFODfkO3+io7JzItH70=", "fake_email"=>"", "fake_password"=>"[FILTERED]", "user"=>{"email"=>"admin@test.com", "password"=>"[FILTERED]"}}
  [1m[35mUser Load (0.4ms)[0m  SELECT  `users`.* FROM `users`  WHERE `users`.`email` = 'admin@test.com'  ORDER BY `users`.`id` ASC LIMIT 1
  [1m[36mCACHE (0.0ms)[0m  [1mSELECT  `users`.* FROM `users`  WHERE `users`.`email` = 'admin@test.com'  ORDER BY `users`.`id` ASC LIMIT 1[0m
  [1m[35m (0.2ms)[0m  BEGIN
  [1m[36mSQL (0.3ms)[0m  [1mUPDATE `users` SET `current_sign_in_at` = '2016-04-05 02:04:32', `sign_in_count` = 2, `updated_at` = '2016-04-05 02:04:32' WHERE `users`.`id` = 1[0m
  [1m[35m (0.5ms)[0m  COMMIT
Completed 200 OK in 87ms (Views: 0.4ms | ActiveRecord: 1.4ms)


Started GET "/dashboard" for 192.168.0.139 at 2016-04-05 10:04:32 +0800
Processing by DashboardController#index as HTML
  [1m[36mUser Load (0.3ms)[0m  [1mSELECT  `users`.* FROM `users`  WHERE `users`.`id` = 1  ORDER BY `users`.`id` ASC LIMIT 1[0m
  Rendered dashboard/index.html.haml within layouts/dashboard (1.5ms)
  Rendered shared/_left_side_dashboard.html.haml (0.3ms)
  Rendered shared/_left_side.html.haml (1.1ms)
  Rendered layouts/_navigation.html.haml (1.1ms)
  Rendered shared/_breadcrumb_dashboard.html.haml (0.4ms)
  Rendered shared/_breadcrumb_dashboard_xs.html.haml (0.3ms)
  Rendered shared/_breadcrumbs.html.haml (2.4ms)
  Rendered layouts/_footer.html.haml (1.6ms)
Completed 200 OK in 1344ms (Views: 1340.6ms | ActiveRecord: 0.3ms)


Started GET "/dashboard.json?sEcho=1&iColumns=7&sColumns=%2C%2C%2C%2C%2C%2C&iDisplayStart=0&iDisplayLength=15&mDataProp_0=0&sSearch_0=&bRegex_0=false&bSearchable_0=true&bSortable_0=true&mDataProp_1=1&sSearch_1=&bRegex_1=false&bSearchable_1=true&bSortable_1=true&mDataProp_2=2&sSearch_2=&bRegex_2=false&bSearchable_2=true&bSortable_2=true&mDataProp_3=3&sSearch_3=&bRegex_3=false&bSearchable_3=true&bSortable_3=true&mDataProp_4=4&sSearch_4=&bRegex_4=false&bSearchable_4=true&bSortable_4=true&mDataProp_5=5&sSearch_5=&bRegex_5=false&bSearchable_5=true&bSortable_5=true&mDataProp_6=6&sSearch_6=&bRegex_6=false&bSearchable_6=true&bSortable_6=false&sSearch=&bRegex=false&iSortCol_0=0&sSortDir_0=asc&iSortingCols=1&_=1459821874035" for 192.168.0.139 at 2016-04-05 10:04:35 +0800
Processing by DashboardController#index as JSON
  Parameters: {"sEcho"=>"1", "iColumns"=>"7", "sColumns"=>",,,,,,", "iDisplayStart"=>"0", "iDisplayLength"=>"15", "mDataProp_0"=>"0", "sSearch_0"=>"", "bRegex_0"=>"false", "bSearchable_0"=>"true", "bSortable_0"=>"true", "mDataProp_1"=>"1", "sSearch_1"=>"", "bRegex_1"=>"false", "bSearchable_1"=>"true", "bSortable_1"=>"true", "mDataProp_2"=>"2", "sSearch_2"=>"", "bRegex_2"=>"false", "bSearchable_2"=>"true", "bSortable_2"=>"true", "mDataProp_3"=>"3", "sSearch_3"=>"", "bRegex_3"=>"false", "bSearchable_3"=>"true", "bSortable_3"=>"true", "mDataProp_4"=>"4", "sSearch_4"=>"", "bRegex_4"=>"false", "bSearchable_4"=>"true", "bSortable_4"=>"true", "mDataProp_5"=>"5", "sSearch_5"=>"", "bRegex_5"=>"false", "bSearchable_5"=>"true", "bSortable_5"=>"true", "mDataProp_6"=>"6", "sSearch_6"=>"", "bRegex_6"=>"false", "bSearchable_6"=>"true", "bSortable_6"=>"false", "sSearch"=>"", "bRegex"=>"false", "iSortCol_0"=>"0", "sSortDir_0"=>"asc", "iSortingCols"=>"1", "_"=>"1459821874035"}
  [1m[35mUser Load (0.7ms)[0m  SELECT  `users`.* FROM `users`  WHERE `users`.`id` = 1  ORDER BY `users`.`id` ASC LIMIT 1
  [1m[36m (0.4ms)[0m  [1mSELECT COUNT(*) FROM `users`  WHERE `users`.`member_type` = 2[0m
  [1m[35mCACHE (0.0ms)[0m  SELECT COUNT(*) FROM `users`  WHERE `users`.`member_type` = 2
  [1m[36mUser Load (0.5ms)[0m  [1mSELECT  `users`.* FROM `users`  WHERE `users`.`member_type` = 2  ORDER BY id asc LIMIT 15 OFFSET 0[0m
Completed 200 OK in 10ms (Views: 4.1ms | ActiveRecord: 1.6ms)


Started GET "/dashboard/users/new" for 192.168.0.139 at 2016-04-05 10:04:36 +0800
Processing by Dashboard::UsersController#new as JS
  [1m[35mUser Load (0.4ms)[0m  SELECT  `users`.* FROM `users`  WHERE `users`.`id` = 1  ORDER BY `users`.`id` ASC LIMIT 1
  Rendered dashboard/users/_new.html.haml (3.3ms)
  Rendered dashboard/users/new.js.erb (4.7ms)
Completed 200 OK in 13ms (Views: 10.5ms | ActiveRecord: 0.4ms)


Started POST "/dashboard/users" for 192.168.0.139 at 2016-04-05 10:04:43 +0800
Processing by Dashboard::UsersController#create as JS
  Parameters: {"utf8"=>"✓", "user"=>{"email"=>"dvidlui@gmail.com"}, "button"=>""}
  [1m[36mUser Load (0.4ms)[0m  [1mSELECT  `users`.* FROM `users`  WHERE `users`.`id` = 1  ORDER BY `users`.`id` ASC LIMIT 1[0m
  [1m[35m (0.3ms)[0m  BEGIN
  [1m[36mUser Exists (0.7ms)[0m  [1mSELECT  1 AS one FROM `users`  WHERE `users`.`email` = BINARY 'dvidlui@gmail.com' LIMIT 1[0m
  [1m[35mUser Load (0.4ms)[0m  SELECT  `users`.* FROM `users`  WHERE `users`.`authentication_token` = 'szgQapmrpEFwchoQQUs7'  ORDER BY `users`.`id` ASC LIMIT 1
  [1m[36mSQL (0.7ms)[0m  [1mINSERT INTO `users` (`authentication_token`, `confirmed_at`, `created_at`, `email`, `encrypted_password`, `updated_at`) VALUES ('szgQapmrpEFwchoQQUs7', '2016-04-05 02:04:43', '2016-04-05 02:04:43', 'dvidlui@gmail.com', '$2a$10$oB/K6WWHFUkAoJZMA/Z/G.PVD/OGPdmKLuHVib.yB2teBxiePMpHq', '2016-04-05 02:04:43')[0m
  [1m[35m (29.5ms)[0m  COMMIT
Completed 200 OK in 133ms (Views: 0.3ms | ActiveRecord: 32.0ms)


Started GET "/dashboard.json?sEcho=2&iColumns=7&sColumns=%2C%2C%2C%2C%2C%2C&iDisplayStart=0&iDisplayLength=15&mDataProp_0=0&sSearch_0=&bRegex_0=false&bSearchable_0=true&bSortable_0=true&mDataProp_1=1&sSearch_1=&bRegex_1=false&bSearchable_1=true&bSortable_1=true&mDataProp_2=2&sSearch_2=&bRegex_2=false&bSearchable_2=true&bSortable_2=true&mDataProp_3=3&sSearch_3=&bRegex_3=false&bSearchable_3=true&bSortable_3=true&mDataProp_4=4&sSearch_4=&bRegex_4=false&bSearchable_4=true&bSortable_4=true&mDataProp_5=5&sSearch_5=&bRegex_5=false&bSearchable_5=true&bSortable_5=true&mDataProp_6=6&sSearch_6=&bRegex_6=false&bSearchable_6=true&bSortable_6=false&sSearch=&bRegex=false&iSortCol_0=0&sSortDir_0=asc&iSortingCols=1&_=1459821874036" for 192.168.0.139 at 2016-04-05 10:04:43 +0800
Processing by DashboardController#index as JSON
  Parameters: {"sEcho"=>"2", "iColumns"=>"7", "sColumns"=>",,,,,,", "iDisplayStart"=>"0", "iDisplayLength"=>"15", "mDataProp_0"=>"0", "sSearch_0"=>"", "bRegex_0"=>"false", "bSearchable_0"=>"true", "bSortable_0"=>"true", "mDataProp_1"=>"1", "sSearch_1"=>"", "bRegex_1"=>"false", "bSearchable_1"=>"true", "bSortable_1"=>"true", "mDataProp_2"=>"2", "sSearch_2"=>"", "bRegex_2"=>"false", "bSearchable_2"=>"true", "bSortable_2"=>"true", "mDataProp_3"=>"3", "sSearch_3"=>"", "bRegex_3"=>"false", "bSearchable_3"=>"true", "bSortable_3"=>"true", "mDataProp_4"=>"4", "sSearch_4"=>"", "bRegex_4"=>"false", "bSearchable_4"=>"true", "bSortable_4"=>"true", "mDataProp_5"=>"5", "sSearch_5"=>"", "bRegex_5"=>"false", "bSearchable_5"=>"true", "bSortable_5"=>"true", "mDataProp_6"=>"6", "sSearch_6"=>"", "bRegex_6"=>"false", "bSearchable_6"=>"true", "bSortable_6"=>"false", "sSearch"=>"", "bRegex"=>"false", "iSortCol_0"=>"0", "sSortDir_0"=>"asc", "iSortingCols"=>"1", "_"=>"1459821874036"}
  [1m[36mUser Load (0.5ms)[0m  [1mSELECT  `users`.* FROM `users`  WHERE `users`.`id` = 1  ORDER BY `users`.`id` ASC LIMIT 1[0m
  [1m[35m (0.5ms)[0m  SELECT COUNT(*) FROM `users`  WHERE `users`.`member_type` = 2
  [1m[36mCACHE (0.0ms)[0m  [1mSELECT COUNT(*) FROM `users`  WHERE `users`.`member_type` = 2[0m
  [1m[35mUser Load (0.4ms)[0m  SELECT  `users`.* FROM `users`  WHERE `users`.`member_type` = 2  ORDER BY id asc LIMIT 15 OFFSET 0
  [1m[36mSource Load (0.3ms)[0m  [1mSELECT  `sources`.* FROM `sources`  WHERE `sources`.`user_id` = 2  ORDER BY `sources`.`id` ASC LIMIT 1[0m
Completed 200 OK in 144ms (Views: 120.8ms | ActiveRecord: 19.5ms)


Started POST "/dashboard/users/2/send_invite" for 192.168.0.139 at 2016-04-05 10:04:45 +0800
Processing by Dashboard::UsersController#send_invite as */*
  Parameters: {"id"=>"2"}
  [1m[35mUser Load (0.5ms)[0m  SELECT  `users`.* FROM `users`  WHERE `users`.`id` = 1  ORDER BY `users`.`id` ASC LIMIT 1
  [1m[36mUser Load (0.5ms)[0m  [1mSELECT  `users`.* FROM `users`  WHERE `users`.`id` = 2 LIMIT 1[0m
  [1m[35m (0.2ms)[0m  BEGIN
  [1m[36mSQL (0.4ms)[0m  [1mUPDATE `users` SET `invitation_sent_at` = '2016-04-05 00:00:00', `updated_at` = '2016-04-05 02:04:45' WHERE `users`.`id` = 2[0m
  [1m[35m (23.2ms)[0m  COMMIT
  [1m[36mUser Load (0.4ms)[0m  [1mSELECT  `users`.* FROM `users`  WHERE `users`.`confirmation_token` = 'f19c60e141c7b2b7cf138b535355c458f9182d50bede25e459109bf8ded59936'  ORDER BY `users`.`id` ASC LIMIT 1[0m
  [1m[35m (0.2ms)[0m  BEGIN
  [1m[36mSQL (0.4ms)[0m  [1mUPDATE `users` SET `confirmation_sent_at` = '2016-04-05 02:04:46', `confirmation_token` = 'f19c60e141c7b2b7cf138b535355c458f9182d50bede25e459109bf8ded59936', `updated_at` = '2016-04-05 02:04:46' WHERE `users`.`id` = 2[0m
  [1m[35m (0.7ms)[0m  COMMIT
  Rendered devise/mailer/_confirmation_app_user.html.haml (2.3ms)
  Rendered devise/mailer/confirmation_instructions.html.haml (6.5ms)

UserMailer#confirmation_instructions: processed outbound mail in 95.6ms

Sent mail to dvidlui@gmail.com (76.7ms)
Date: Tue, 05 Apr 2016 10:04:46 +0800
From: admin@nobl.io
Reply-To: please-change-me-at-config-initializers-devise@example.com
To: dvidlui@gmail.com
Message-ID: <57031d3e3f50c_5ee3fe20e015e70725a@Davids-Mac-mini.local.mail>
In-Reply-To: admin@nobl.io
Subject: Invitation to Bunch
Mime-Version: 1.0
Content-Type: text/html;
 charset=UTF-8
Content-Transfer-Encoding: quoted-printable
template-path: user_mailer
template-name: confirmation_instructions
X-No-Spam: True
X-MC-Track: False, False

<div class=3D'mail-body'>
  <p>Bunch is a simple web dashboard that integrates with your teams=E2=80=
=99 calendars.<br />To start using the app, please click the link below t=
o set up your GeventAnalysis account and link your gmail:</p>
  <p><a href=3D"http://localhost:4050/users/confirmation?confirmation_tok=
en=3Dcvn6psGCGwEdb1xW-ka1">http://localhost:4050/users/confirmation?confi=
rmation_token=3Dcvn6psGCGwEdb1xW-ka1</a></p>
  <p>The GeventAnalysis Team</p>
  <p><a href=3D"http://dvidlui-gevent-analysis.herokuapp.com">http://dvid=
lui-gevent-analysis.herokuapp.com</a></p>
</div>
<script>
  elem=3Ddocument.getElementById("message_headers");
  elem.remove();
</script>

Completed 200 OK in 504ms (Views: 0.9ms | ActiveRecord: 26.3ms)


Started GET "/users/confirmation?confirmation_token=cvn6psGCGwEdb1xW-ka1" for 127.0.0.1 at 2016-04-05 10:05:00 +0800
Processing by Users::ConfirmationsController#show as HTML
  Parameters: {"confirmation_token"=>"cvn6psGCGwEdb1xW-ka1"}
  [1m[36mUser Load (0.5ms)[0m  [1mSELECT  `users`.* FROM `users`  WHERE `users`.`confirmation_token` = 'f19c60e141c7b2b7cf138b535355c458f9182d50bede25e459109bf8ded59936'  ORDER BY `users`.`id` ASC LIMIT 1[0m
  [1m[35m (0.1ms)[0m  BEGIN
  [1m[36mSQL (0.4ms)[0m  [1mUPDATE `users` SET `confirmed_at` = NULL, `updated_at` = '2016-04-05 02:05:00' WHERE `users`.`id` = 2[0m
  [1m[35m (0.4ms)[0m  COMMIT
DEPRECATION WARNING: confirm! is deprecated in favor of confirm. (called from do_confirm at /Volumes/Work/zNode/aBunchProject/gevent-analysis/app/controllers/users/confirmations_controller.rb:84)
  [1m[36m (0.2ms)[0m  [1mBEGIN[0m
  [1m[35mSQL (0.4ms)[0m  UPDATE `users` SET `confirmed_at` = '2016-04-05 02:05:00', `updated_at` = '2016-04-05 02:05:00' WHERE `users`.`id` = 2
  [1m[36m (0.5ms)[0m  [1mCOMMIT[0m
  [1m[35m (0.2ms)[0m  BEGIN
  [1m[36mSQL (0.3ms)[0m  [1mUPDATE `users` SET `current_sign_in_at` = '2016-04-05 02:05:00', `current_sign_in_ip` = '127.0.0.1', `last_sign_in_at` = '2016-04-05 02:05:00', `last_sign_in_ip` = '127.0.0.1', `sign_in_count` = 1, `updated_at` = '2016-04-05 02:05:00' WHERE `users`.`id` = 2[0m
  [1m[35m (50.1ms)[0m  COMMIT
Redirected to http://localhost:4050/
Completed 302 Found in 64ms (ActiveRecord: 53.2ms)


Started GET "/" for 127.0.0.1 at 2016-04-05 10:05:00 +0800
Processing by HomeController#index as HTML
  [1m[36mUser Load (0.4ms)[0m  [1mSELECT  `users`.* FROM `users`  WHERE `users`.`id` = 2  ORDER BY `users`.`id` ASC LIMIT 1[0m
Redirected to http://localhost:4050/dashboard/users/profile?type=new_user
Completed 302 Found in 3ms (ActiveRecord: 0.4ms)


Started GET "/dashboard/users/profile?type=new_user" for 127.0.0.1 at 2016-04-05 10:05:00 +0800
Processing by Dashboard::UsersController#profile as HTML
  Parameters: {"type"=>"new_user"}
  [1m[35mUser Load (0.4ms)[0m  SELECT  `users`.* FROM `users`  WHERE `users`.`id` = 2  ORDER BY `users`.`id` ASC LIMIT 1
  Rendered dashboard/users/profile.html.haml within layouts/dashboard (13.0ms)
  Rendered layouts/_navigation.html.haml (0.8ms)
  Rendered layouts/_footer.html.haml (1.5ms)
Completed 200 OK in 1392ms (Views: 1389.1ms | ActiveRecord: 0.4ms)


Started PATCH "/dashboard/users/update_profile" for 127.0.0.1 at 2016-04-05 10:05:19 +0800
Processing by Dashboard::UsersController#update_profile as HTML
  Parameters: {"utf8"=>"✓", "authenticity_token"=>"amIaDcaKyqZhquiZIE3wBpiKvakfxkuQ/Ct3r1MPhS4=", "user"=>{"first_name"=>"David", "last_name"=>"Lui", "password"=>"[FILTERED]", "password_confirmation"=>"[FILTERED]"}, "user_id"=>"2", "commit"=>"Save Changes"}
  [1m[36mUser Load (0.4ms)[0m  [1mSELECT  `users`.* FROM `users`  WHERE `users`.`id` = 2  ORDER BY `users`.`id` ASC LIMIT 1[0m
  [1m[35mUser Load (0.4ms)[0m  SELECT  `users`.* FROM `users`  WHERE `users`.`id` = 2 LIMIT 1
DEPRECATION WARNING: confirm! is deprecated in favor of confirm. (called from update_profile at /Volumes/Work/zNode/aBunchProject/gevent-analysis/app/controllers/dashboard/users_controller.rb:80)
  [1m[36m (0.2ms)[0m  [1mBEGIN[0m
  [1m[35mSQL (0.4ms)[0m  UPDATE `users` SET `encrypted_password` = '$2a$10$gwFndKKk.BhD2sDgkGuOcO5Kgxf4bqLlfQghNnDXw9vRLEeNFD4b.', `first_name` = 'David', `last_name` = 'Lui', `updated_at` = '2016-04-05 02:05:19' WHERE `users`.`id` = 2
  [1m[36m (0.5ms)[0m  [1mCOMMIT[0m
Redirected to http://localhost:4050/userboard
Completed 302 Found in 86ms (ActiveRecord: 1.9ms)


Started GET "/userboard" for 127.0.0.1 at 2016-04-05 10:05:19 +0800
Processing by UserboardController#index as HTML
  [1m[35mUser Load (0.5ms)[0m  SELECT  `users`.* FROM `users`  WHERE `users`.`id` = 2  ORDER BY `users`.`id` ASC LIMIT 1
  [1m[36mSource Load (0.6ms)[0m  [1mSELECT  `sources`.* FROM `sources`  WHERE `sources`.`user_id` = 2  ORDER BY `sources`.`id` ASC LIMIT 1[0m
  [1m[35m (0.7ms)[0m  SELECT COUNT(*) FROM `sources`  WHERE `sources`.`user_id` = 2
  Rendered userboard/index.html.haml within layouts/userboard (15.1ms)
  Rendered shared/_left_side.html.haml (0.2ms)
  Rendered layouts/_navigation.html.haml (0.7ms)
  Rendered shared/_breadcrumb_dashboard.html.haml (0.1ms)
  Rendered shared/_breadcrumb_dashboard_xs.html.haml (0.3ms)
  Rendered shared/_breadcrumbs.html.haml (1.7ms)
Completed 200 OK in 1347ms (Views: 1340.4ms | ActiveRecord: 1.8ms)


Started GET "/userboard.json?sEcho=1&iColumns=5&sColumns=%2C%2C%2C%2C&iDisplayStart=0&iDisplayLength=15&mDataProp_0=0&sSearch_0=&bRegex_0=false&bSearchable_0=true&bSortable_0=true&mDataProp_1=1&sSearch_1=&bRegex_1=false&bSearchable_1=true&bSortable_1=true&mDataProp_2=2&sSearch_2=&bRegex_2=false&bSearchable_2=true&bSortable_2=true&mDataProp_3=3&sSearch_3=&bRegex_3=false&bSearchable_3=true&bSortable_3=true&mDataProp_4=4&sSearch_4=&bRegex_4=false&bSearchable_4=true&bSortable_4=false&sSearch=&bRegex=false&iSortCol_0=0&sSortDir_0=asc&iSortingCols=1&_=1459821921369" for 127.0.0.1 at 2016-04-05 10:05:21 +0800
Processing by UserboardController#index as JSON
  Parameters: {"sEcho"=>"1", "iColumns"=>"5", "sColumns"=>",,,,", "iDisplayStart"=>"0", "iDisplayLength"=>"15", "mDataProp_0"=>"0", "sSearch_0"=>"", "bRegex_0"=>"false", "bSearchable_0"=>"true", "bSortable_0"=>"true", "mDataProp_1"=>"1", "sSearch_1"=>"", "bRegex_1"=>"false", "bSearchable_1"=>"true", "bSortable_1"=>"true", "mDataProp_2"=>"2", "sSearch_2"=>"", "bRegex_2"=>"false", "bSearchable_2"=>"true", "bSortable_2"=>"true", "mDataProp_3"=>"3", "sSearch_3"=>"", "bRegex_3"=>"false", "bSearchable_3"=>"true", "bSortable_3"=>"true", "mDataProp_4"=>"4", "sSearch_4"=>"", "bRegex_4"=>"false", "bSearchable_4"=>"true", "bSortable_4"=>"false", "sSearch"=>"", "bRegex"=>"false", "iSortCol_0"=>"0", "sSortDir_0"=>"asc", "iSortingCols"=>"1", "_"=>"1459821921369"}
  [1m[36mUser Load (0.4ms)[0m  [1mSELECT  `users`.* FROM `users`  WHERE `users`.`id` = 2  ORDER BY `users`.`id` ASC LIMIT 1[0m
  [1m[35mSource Load (0.4ms)[0m  SELECT  `sources`.* FROM `sources`  WHERE `sources`.`user_id` = 2  ORDER BY `sources`.`id` ASC LIMIT 1
Completed 200 OK in 7ms (Views: 0.2ms | ActiveRecord: 0.8ms)


Started GET "/users/auth/google_oauth2" for 127.0.0.1 at 2016-04-05 10:05:35 +0800


Started GET "/userboard.json?sEcho=1&iColumns=5&sColumns=%2C%2C%2C%2C&iDisplayStart=0&iDisplayLength=15&mDataProp_0=0&sSearch_0=&bRegex_0=false&bSearchable_0=true&bSortable_0=true&mDataProp_1=1&sSearch_1=&bRegex_1=false&bSearchable_1=true&bSortable_1=true&mDataProp_2=2&sSearch_2=&bRegex_2=false&bSearchable_2=true&bSortable_2=true&mDataProp_3=3&sSearch_3=&bRegex_3=false&bSearchable_3=true&bSortable_3=true&mDataProp_4=4&sSearch_4=&bRegex_4=false&bSearchable_4=true&bSortable_4=false&sSearch=&bRegex=false&iSortCol_0=0&sSortDir_0=asc&iSortingCols=1&_=1459821939583" for 127.0.0.1 at 2016-04-05 10:05:39 +0800
Processing by UserboardController#index as JSON
  Parameters: {"sEcho"=>"1", "iColumns"=>"5", "sColumns"=>",,,,", "iDisplayStart"=>"0", "iDisplayLength"=>"15", "mDataProp_0"=>"0", "sSearch_0"=>"", "bRegex_0"=>"false", "bSearchable_0"=>"true", "bSortable_0"=>"true", "mDataProp_1"=>"1", "sSearch_1"=>"", "bRegex_1"=>"false", "bSearchable_1"=>"true", "bSortable_1"=>"true", "mDataProp_2"=>"2", "sSearch_2"=>"", "bRegex_2"=>"false", "bSearchable_2"=>"true", "bSortable_2"=>"true", "mDataProp_3"=>"3", "sSearch_3"=>"", "bRegex_3"=>"false", "bSearchable_3"=>"true", "bSortable_3"=>"true", "mDataProp_4"=>"4", "sSearch_4"=>"", "bRegex_4"=>"false", "bSearchable_4"=>"true", "bSortable_4"=>"false", "sSearch"=>"", "bRegex"=>"false", "iSortCol_0"=>"0", "sSortDir_0"=>"asc", "iSortingCols"=>"1", "_"=>"1459821939583"}
  [1m[36mUser Load (0.5ms)[0m  [1mSELECT  `users`.* FROM `users`  WHERE `users`.`id` = 2  ORDER BY `users`.`id` ASC LIMIT 1[0m
  [1m[35mSource Load (0.4ms)[0m  SELECT  `sources`.* FROM `sources`  WHERE `sources`.`user_id` = 2  ORDER BY `sources`.`id` ASC LIMIT 1
Completed 200 OK in 5ms (Views: 0.2ms | ActiveRecord: 0.9ms)


Started DELETE "/users/sign_out" for 127.0.0.1 at 2016-04-05 10:05:44 +0800
Processing by Users::SessionsController#destroy as HTML
  Parameters: {"authenticity_token"=>"amIaDcaKyqZhquiZIE3wBpiKvakfxkuQ/Ct3r1MPhS4="}
  [1m[36mUser Load (0.4ms)[0m  [1mSELECT  `users`.* FROM `users`  WHERE `users`.`id` = 2  ORDER BY `users`.`id` ASC LIMIT 1[0m
  [1m[35m (0.2ms)[0m  BEGIN
  [1m[36m (0.1ms)[0m  [1mCOMMIT[0m
Redirected to http://localhost:4050/
Completed 302 Found in 8ms (ActiveRecord: 0.8ms)


Started GET "/" for 127.0.0.1 at 2016-04-05 10:05:44 +0800
Processing by HomeController#index as HTML
  Rendered home/index.html.haml within layouts/application (0.3ms)
  Rendered layouts/_navigation.html.haml (2.0ms)
  Rendered layouts/_footer.html.haml (1.0ms)
Completed 200 OK in 1258ms (Views: 1254.9ms | ActiveRecord: 0.0ms)


Started POST "/users/sign_in" for 127.0.0.1 at 2016-04-05 10:05:54 +0800
Processing by Users::SessionsController#create as JSON
  Parameters: {"utf8"=>"✓", "authenticity_token"=>"8JO8ovafN8yLtwdup18/9JAX23qw7mbIIfVGnDk38PI=", "fake_email"=>"dvidlui@gmail.com", "fake_password"=>"[FILTERED]", "user"=>{"email"=>"admin@test.com", "password"=>"[FILTERED]"}}
  [1m[35mUser Load (0.4ms)[0m  SELECT  `users`.* FROM `users`  WHERE `users`.`email` = 'admin@test.com'  ORDER BY `users`.`id` ASC LIMIT 1
  [1m[36mCACHE (0.0ms)[0m  [1mSELECT  `users`.* FROM `users`  WHERE `users`.`email` = 'admin@test.com'  ORDER BY `users`.`id` ASC LIMIT 1[0m
  [1m[35m (0.2ms)[0m  BEGIN
  [1m[36mSQL (0.4ms)[0m  [1mUPDATE `users` SET `current_sign_in_at` = '2016-04-05 02:05:54', `current_sign_in_ip` = '127.0.0.1', `last_sign_in_at` = '2016-04-05 02:04:32', `sign_in_count` = 3, `updated_at` = '2016-04-05 02:05:54' WHERE `users`.`id` = 1[0m
  [1m[35m (0.5ms)[0m  COMMIT
Completed 200 OK in 84ms (Views: 0.2ms | ActiveRecord: 1.4ms)


Started GET "/dashboard" for 127.0.0.1 at 2016-04-05 10:05:54 +0800
Processing by DashboardController#index as HTML
  [1m[36mUser Load (0.4ms)[0m  [1mSELECT  `users`.* FROM `users`  WHERE `users`.`id` = 1  ORDER BY `users`.`id` ASC LIMIT 1[0m
  Rendered dashboard/index.html.haml within layouts/dashboard (2.3ms)
  Rendered shared/_left_side_dashboard.html.haml (0.4ms)
  Rendered shared/_left_side.html.haml (1.2ms)
  Rendered layouts/_navigation.html.haml (0.9ms)
  Rendered shared/_breadcrumb_dashboard.html.haml (0.4ms)
  Rendered shared/_breadcrumb_dashboard_xs.html.haml (0.3ms)
  Rendered shared/_breadcrumbs.html.haml (2.0ms)
  Rendered layouts/_footer.html.haml (0.9ms)
Completed 200 OK in 1273ms (Views: 1270.7ms | ActiveRecord: 0.3ms)


Started GET "/dashboard.json?sEcho=1&iColumns=7&sColumns=%2C%2C%2C%2C%2C%2C&iDisplayStart=0&iDisplayLength=15&mDataProp_0=0&sSearch_0=&bRegex_0=false&bSearchable_0=true&bSortable_0=true&mDataProp_1=1&sSearch_1=&bRegex_1=false&bSearchable_1=true&bSortable_1=true&mDataProp_2=2&sSearch_2=&bRegex_2=false&bSearchable_2=true&bSortable_2=true&mDataProp_3=3&sSearch_3=&bRegex_3=false&bSearchable_3=true&bSortable_3=true&mDataProp_4=4&sSearch_4=&bRegex_4=false&bSearchable_4=true&bSortable_4=true&mDataProp_5=5&sSearch_5=&bRegex_5=false&bSearchable_5=true&bSortable_5=true&mDataProp_6=6&sSearch_6=&bRegex_6=false&bSearchable_6=true&bSortable_6=false&sSearch=&bRegex=false&iSortCol_0=0&sSortDir_0=asc&iSortingCols=1&_=1459821956039" for 127.0.0.1 at 2016-04-05 10:05:56 +0800
Processing by DashboardController#index as JSON
  Parameters: {"sEcho"=>"1", "iColumns"=>"7", "sColumns"=>",,,,,,", "iDisplayStart"=>"0", "iDisplayLength"=>"15", "mDataProp_0"=>"0", "sSearch_0"=>"", "bRegex_0"=>"false", "bSearchable_0"=>"true", "bSortable_0"=>"true", "mDataProp_1"=>"1", "sSearch_1"=>"", "bRegex_1"=>"false", "bSearchable_1"=>"true", "bSortable_1"=>"true", "mDataProp_2"=>"2", "sSearch_2"=>"", "bRegex_2"=>"false", "bSearchable_2"=>"true", "bSortable_2"=>"true", "mDataProp_3"=>"3", "sSearch_3"=>"", "bRegex_3"=>"false", "bSearchable_3"=>"true", "bSortable_3"=>"true", "mDataProp_4"=>"4", "sSearch_4"=>"", "bRegex_4"=>"false", "bSearchable_4"=>"true", "bSortable_4"=>"true", "mDataProp_5"=>"5", "sSearch_5"=>"", "bRegex_5"=>"false", "bSearchable_5"=>"true", "bSortable_5"=>"true", "mDataProp_6"=>"6", "sSearch_6"=>"", "bRegex_6"=>"false", "bSearchable_6"=>"true", "bSortable_6"=>"false", "sSearch"=>"", "bRegex"=>"false", "iSortCol_0"=>"0", "sSortDir_0"=>"asc", "iSortingCols"=>"1", "_"=>"1459821956039"}
  [1m[35mUser Load (0.7ms)[0m  SELECT  `users`.* FROM `users`  WHERE `users`.`id` = 1  ORDER BY `users`.`id` ASC LIMIT 1
  [1m[36m (0.3ms)[0m  [1mSELECT COUNT(*) FROM `users`  WHERE `users`.`member_type` = 2[0m
  [1m[35mCACHE (0.0ms)[0m  SELECT COUNT(*) FROM `users`  WHERE `users`.`member_type` = 2
  [1m[36mUser Load (0.4ms)[0m  [1mSELECT  `users`.* FROM `users`  WHERE `users`.`member_type` = 2  ORDER BY id asc LIMIT 15 OFFSET 0[0m
  [1m[35mSource Load (0.5ms)[0m  SELECT  `sources`.* FROM `sources`  WHERE `sources`.`user_id` = 2  ORDER BY `sources`.`id` ASC LIMIT 1
Completed 200 OK in 10ms (Views: 5.2ms | ActiveRecord: 1.9ms)


Started GET "/dashboard" for 127.0.0.1 at 2016-04-05 10:06:16 +0800
Processing by DashboardController#index as HTML
  [1m[36mUser Load (0.3ms)[0m  [1mSELECT  `users`.* FROM `users`  WHERE `users`.`id` = 1  ORDER BY `users`.`id` ASC LIMIT 1[0m
  Rendered dashboard/index.html.haml within layouts/dashboard (1.4ms)
  Rendered shared/_left_side_dashboard.html.haml (0.3ms)
  Rendered shared/_left_side.html.haml (1.1ms)
  Rendered layouts/_navigation.html.haml (0.7ms)
  Rendered shared/_breadcrumb_dashboard.html.haml (0.2ms)
  Rendered shared/_breadcrumb_dashboard_xs.html.haml (0.2ms)
  Rendered shared/_breadcrumbs.html.haml (1.7ms)
  Rendered layouts/_footer.html.haml (1.0ms)
Completed 200 OK in 1277ms (Views: 1253.1ms | ActiveRecord: 2.9ms)


Started GET "/dashboard.json?sEcho=1&iColumns=7&sColumns=%2C%2C%2C%2C%2C%2C&iDisplayStart=0&iDisplayLength=15&mDataProp_0=0&sSearch_0=&bRegex_0=false&bSearchable_0=true&bSortable_0=true&mDataProp_1=1&sSearch_1=&bRegex_1=false&bSearchable_1=true&bSortable_1=true&mDataProp_2=2&sSearch_2=&bRegex_2=false&bSearchable_2=true&bSortable_2=true&mDataProp_3=3&sSearch_3=&bRegex_3=false&bSearchable_3=true&bSortable_3=true&mDataProp_4=4&sSearch_4=&bRegex_4=false&bSearchable_4=true&bSortable_4=true&mDataProp_5=5&sSearch_5=&bRegex_5=false&bSearchable_5=true&bSortable_5=true&mDataProp_6=6&sSearch_6=&bRegex_6=false&bSearchable_6=true&bSortable_6=false&sSearch=&bRegex=false&iSortCol_0=0&sSortDir_0=asc&iSortingCols=1&_=1459821978089" for 127.0.0.1 at 2016-04-05 10:06:18 +0800
Processing by DashboardController#index as JSON
  Parameters: {"sEcho"=>"1", "iColumns"=>"7", "sColumns"=>",,,,,,", "iDisplayStart"=>"0", "iDisplayLength"=>"15", "mDataProp_0"=>"0", "sSearch_0"=>"", "bRegex_0"=>"false", "bSearchable_0"=>"true", "bSortable_0"=>"true", "mDataProp_1"=>"1", "sSearch_1"=>"", "bRegex_1"=>"false", "bSearchable_1"=>"true", "bSortable_1"=>"true", "mDataProp_2"=>"2", "sSearch_2"=>"", "bRegex_2"=>"false", "bSearchable_2"=>"true", "bSortable_2"=>"true", "mDataProp_3"=>"3", "sSearch_3"=>"", "bRegex_3"=>"false", "bSearchable_3"=>"true", "bSortable_3"=>"true", "mDataProp_4"=>"4", "sSearch_4"=>"", "bRegex_4"=>"false", "bSearchable_4"=>"true", "bSortable_4"=>"true", "mDataProp_5"=>"5", "sSearch_5"=>"", "bRegex_5"=>"false", "bSearchable_5"=>"true", "bSortable_5"=>"true", "mDataProp_6"=>"6", "sSearch_6"=>"", "bRegex_6"=>"false", "bSearchable_6"=>"true", "bSortable_6"=>"false", "sSearch"=>"", "bRegex"=>"false", "iSortCol_0"=>"0", "sSortDir_0"=>"asc", "iSortingCols"=>"1", "_"=>"1459821978089"}
  [1m[35mUser Load (0.4ms)[0m  SELECT  `users`.* FROM `users`  WHERE `users`.`id` = 1  ORDER BY `users`.`id` ASC LIMIT 1
  [1m[36m (0.4ms)[0m  [1mSELECT COUNT(*) FROM `users`  WHERE `users`.`member_type` = 2[0m
  [1m[35mCACHE (0.0ms)[0m  SELECT COUNT(*) FROM `users`  WHERE `users`.`member_type` = 2
  [1m[36mUser Load (0.5ms)[0m  [1mSELECT  `users`.* FROM `users`  WHERE `users`.`member_type` = 2  ORDER BY id asc LIMIT 15 OFFSET 0[0m
  [1m[35mSource Load (0.3ms)[0m  SELECT  `sources`.* FROM `sources`  WHERE `sources`.`user_id` = 2  ORDER BY `sources`.`id` ASC LIMIT 1
Completed 200 OK in 35ms (Views: 11.4ms | ActiveRecord: 18.9ms)


Started DELETE "/users/sign_out" for 127.0.0.1 at 2016-04-05 10:06:44 +0800
Processing by Users::SessionsController#destroy as HTML
  Parameters: {"authenticity_token"=>"CiwJNpHoVXKeckwWqqRMf7DUIRl7kJAJ+/71IIzK3eo="}
  [1m[36mUser Load (0.4ms)[0m  [1mSELECT  `users`.* FROM `users`  WHERE `users`.`id` = 1  ORDER BY `users`.`id` ASC LIMIT 1[0m
  [1m[35m (0.2ms)[0m  BEGIN
  [1m[36m (0.2ms)[0m  [1mCOMMIT[0m
Redirected to http://localhost:4050/
Completed 302 Found in 8ms (ActiveRecord: 0.8ms)


Started GET "/" for 127.0.0.1 at 2016-04-05 10:06:44 +0800
Processing by HomeController#index as HTML
  Rendered home/index.html.haml within layouts/application (0.4ms)
  Rendered layouts/_navigation.html.haml (2.2ms)
  Rendered layouts/_footer.html.haml (1.0ms)
Completed 200 OK in 1230ms (Views: 1227.1ms | ActiveRecord: 0.0ms)


Started POST "/users/sign_in" for 127.0.0.1 at 2016-04-05 10:06:59 +0800
Processing by Users::SessionsController#create as JSON
  Parameters: {"utf8"=>"✓", "authenticity_token"=>"FYAuONqI+/YjdD6YOgoQK8BKGWnjL50uGVOQD8Hibc8=", "fake_email"=>"dvidlui@gmail.com", "fake_password"=>"[FILTERED]", "user"=>{"email"=>"admin@test.com", "password"=>"[FILTERED]"}}
  [1m[35mUser Load (0.5ms)[0m  SELECT  `users`.* FROM `users`  WHERE `users`.`email` = 'admin@test.com'  ORDER BY `users`.`id` ASC LIMIT 1
  [1m[36mCACHE (0.0ms)[0m  [1mSELECT  `users`.* FROM `users`  WHERE `users`.`email` = 'admin@test.com'  ORDER BY `users`.`id` ASC LIMIT 1[0m
  [1m[35m (0.2ms)[0m  BEGIN
  [1m[36mSQL (0.4ms)[0m  [1mUPDATE `users` SET `current_sign_in_at` = '2016-04-05 02:06:59', `last_sign_in_at` = '2016-04-05 02:05:54', `last_sign_in_ip` = '127.0.0.1', `sign_in_count` = 4, `updated_at` = '2016-04-05 02:06:59' WHERE `users`.`id` = 1[0m
  [1m[35m (152.2ms)[0m  COMMIT
Completed 200 OK in 237ms (Views: 0.3ms | ActiveRecord: 153.2ms)


Started GET "/dashboard" for 127.0.0.1 at 2016-04-05 10:06:59 +0800
Processing by DashboardController#index as HTML
  [1m[36mUser Load (0.4ms)[0m  [1mSELECT  `users`.* FROM `users`  WHERE `users`.`id` = 1  ORDER BY `users`.`id` ASC LIMIT 1[0m
  Rendered dashboard/index.html.haml within layouts/dashboard (2.4ms)
  Rendered shared/_left_side_dashboard.html.haml (0.5ms)
  Rendered shared/_left_side.html.haml (1.4ms)
  Rendered layouts/_navigation.html.haml (1.1ms)
  Rendered shared/_breadcrumb_dashboard.html.haml (0.3ms)
  Rendered shared/_breadcrumb_dashboard_xs.html.haml (0.4ms)
  Rendered shared/_breadcrumbs.html.haml (2.6ms)
  Rendered layouts/_footer.html.haml (1.1ms)
Completed 200 OK in 1297ms (Views: 1294.3ms | ActiveRecord: 0.4ms)


Started GET "/dashboard.json?sEcho=1&iColumns=7&sColumns=%2C%2C%2C%2C%2C%2C&iDisplayStart=0&iDisplayLength=15&mDataProp_0=0&sSearch_0=&bRegex_0=false&bSearchable_0=true&bSortable_0=true&mDataProp_1=1&sSearch_1=&bRegex_1=false&bSearchable_1=true&bSortable_1=true&mDataProp_2=2&sSearch_2=&bRegex_2=false&bSearchable_2=true&bSortable_2=true&mDataProp_3=3&sSearch_3=&bRegex_3=false&bSearchable_3=true&bSortable_3=true&mDataProp_4=4&sSearch_4=&bRegex_4=false&bSearchable_4=true&bSortable_4=true&mDataProp_5=5&sSearch_5=&bRegex_5=false&bSearchable_5=true&bSortable_5=true&mDataProp_6=6&sSearch_6=&bRegex_6=false&bSearchable_6=true&bSortable_6=false&sSearch=&bRegex=false&iSortCol_0=0&sSortDir_0=asc&iSortingCols=1&_=1459822020640" for 127.0.0.1 at 2016-04-05 10:07:00 +0800
Processing by DashboardController#index as JSON
  Parameters: {"sEcho"=>"1", "iColumns"=>"7", "sColumns"=>",,,,,,", "iDisplayStart"=>"0", "iDisplayLength"=>"15", "mDataProp_0"=>"0", "sSearch_0"=>"", "bRegex_0"=>"false", "bSearchable_0"=>"true", "bSortable_0"=>"true", "mDataProp_1"=>"1", "sSearch_1"=>"", "bRegex_1"=>"false", "bSearchable_1"=>"true", "bSortable_1"=>"true", "mDataProp_2"=>"2", "sSearch_2"=>"", "bRegex_2"=>"false", "bSearchable_2"=>"true", "bSortable_2"=>"true", "mDataProp_3"=>"3", "sSearch_3"=>"", "bRegex_3"=>"false", "bSearchable_3"=>"true", "bSortable_3"=>"true", "mDataProp_4"=>"4", "sSearch_4"=>"", "bRegex_4"=>"false", "bSearchable_4"=>"true", "bSortable_4"=>"true", "mDataProp_5"=>"5", "sSearch_5"=>"", "bRegex_5"=>"false", "bSearchable_5"=>"true", "bSortable_5"=>"true", "mDataProp_6"=>"6", "sSearch_6"=>"", "bRegex_6"=>"false", "bSearchable_6"=>"true", "bSortable_6"=>"false", "sSearch"=>"", "bRegex"=>"false", "iSortCol_0"=>"0", "sSortDir_0"=>"asc", "iSortingCols"=>"1", "_"=>"1459822020640"}
  [1m[35mUser Load (0.4ms)[0m  SELECT  `users`.* FROM `users`  WHERE `users`.`id` = 1  ORDER BY `users`.`id` ASC LIMIT 1
  [1m[36m (0.3ms)[0m  [1mSELECT COUNT(*) FROM `users`  WHERE `users`.`member_type` = 2[0m
  [1m[35mCACHE (0.0ms)[0m  SELECT COUNT(*) FROM `users`  WHERE `users`.`member_type` = 2
  [1m[36mUser Load (0.4ms)[0m  [1mSELECT  `users`.* FROM `users`  WHERE `users`.`member_type` = 2  ORDER BY id asc LIMIT 15 OFFSET 0[0m
  [1m[35mSource Load (0.4ms)[0m  SELECT  `sources`.* FROM `sources`  WHERE `sources`.`user_id` = 2  ORDER BY `sources`.`id` ASC LIMIT 1
Completed 200 OK in 9ms (Views: 4.5ms | ActiveRecord: 1.5ms)


Started GET "/dashboard/users/new" for 127.0.0.1 at 2016-04-05 10:07:04 +0800
Processing by Dashboard::UsersController#new as JS
  [1m[36mUser Load (0.5ms)[0m  [1mSELECT  `users`.* FROM `users`  WHERE `users`.`id` = 1  ORDER BY `users`.`id` ASC LIMIT 1[0m
  Rendered dashboard/users/_new.html.haml (2.3ms)
  Rendered dashboard/users/new.js.erb (3.4ms)
Completed 200 OK in 14ms (Views: 10.5ms | ActiveRecord: 0.5ms)


Started POST "/dashboard/users" for 127.0.0.1 at 2016-04-05 10:07:10 +0800
Processing by Dashboard::UsersController#create as JS
  Parameters: {"utf8"=>"✓", "user"=>{"email"=>"test1@email.com"}, "button"=>""}
  [1m[35mUser Load (0.4ms)[0m  SELECT  `users`.* FROM `users`  WHERE `users`.`id` = 1  ORDER BY `users`.`id` ASC LIMIT 1
  [1m[36m (0.2ms)[0m  [1mBEGIN[0m
  [1m[35mUser Exists (0.4ms)[0m  SELECT  1 AS one FROM `users`  WHERE `users`.`email` = BINARY 'test1@email.com' LIMIT 1
  [1m[36mUser Load (0.3ms)[0m  [1mSELECT  `users`.* FROM `users`  WHERE `users`.`authentication_token` = 'M5CycN7qKjEBK3ujGGhz'  ORDER BY `users`.`id` ASC LIMIT 1[0m
  [1m[35mSQL (0.3ms)[0m  INSERT INTO `users` (`authentication_token`, `confirmed_at`, `created_at`, `email`, `encrypted_password`, `updated_at`) VALUES ('M5CycN7qKjEBK3ujGGhz', '2016-04-05 02:07:10', '2016-04-05 02:07:10', 'test1@email.com', '$2a$10$NGqDm8Mk5PKli/jjie1r6O8A581TX6X7QzcrWWrCcVJqLJ1dkFWrG', '2016-04-05 02:07:10')
  [1m[36m (20.8ms)[0m  [1mCOMMIT[0m
Completed 200 OK in 109ms (Views: 0.4ms | ActiveRecord: 22.4ms)


Started GET "/dashboard.json?sEcho=2&iColumns=7&sColumns=%2C%2C%2C%2C%2C%2C&iDisplayStart=0&iDisplayLength=15&mDataProp_0=0&sSearch_0=&bRegex_0=false&bSearchable_0=true&bSortable_0=true&mDataProp_1=1&sSearch_1=&bRegex_1=false&bSearchable_1=true&bSortable_1=true&mDataProp_2=2&sSearch_2=&bRegex_2=false&bSearchable_2=true&bSortable_2=true&mDataProp_3=3&sSearch_3=&bRegex_3=false&bSearchable_3=true&bSortable_3=true&mDataProp_4=4&sSearch_4=&bRegex_4=false&bSearchable_4=true&bSortable_4=true&mDataProp_5=5&sSearch_5=&bRegex_5=false&bSearchable_5=true&bSortable_5=true&mDataProp_6=6&sSearch_6=&bRegex_6=false&bSearchable_6=true&bSortable_6=false&sSearch=&bRegex=false&iSortCol_0=0&sSortDir_0=asc&iSortingCols=1&_=1459822020641" for 127.0.0.1 at 2016-04-05 10:07:10 +0800
Processing by DashboardController#index as JSON
  Parameters: {"sEcho"=>"2", "iColumns"=>"7", "sColumns"=>",,,,,,", "iDisplayStart"=>"0", "iDisplayLength"=>"15", "mDataProp_0"=>"0", "sSearch_0"=>"", "bRegex_0"=>"false", "bSearchable_0"=>"true", "bSortable_0"=>"true", "mDataProp_1"=>"1", "sSearch_1"=>"", "bRegex_1"=>"false", "bSearchable_1"=>"true", "bSortable_1"=>"true", "mDataProp_2"=>"2", "sSearch_2"=>"", "bRegex_2"=>"false", "bSearchable_2"=>"true", "bSortable_2"=>"true", "mDataProp_3"=>"3", "sSearch_3"=>"", "bRegex_3"=>"false", "bSearchable_3"=>"true", "bSortable_3"=>"true", "mDataProp_4"=>"4", "sSearch_4"=>"", "bRegex_4"=>"false", "bSearchable_4"=>"true", "bSortable_4"=>"true", "mDataProp_5"=>"5", "sSearch_5"=>"", "bRegex_5"=>"false", "bSearchable_5"=>"true", "bSortable_5"=>"true", "mDataProp_6"=>"6", "sSearch_6"=>"", "bRegex_6"=>"false", "bSearchable_6"=>"true", "bSortable_6"=>"false", "sSearch"=>"", "bRegex"=>"false", "iSortCol_0"=>"0", "sSortDir_0"=>"asc", "iSortingCols"=>"1", "_"=>"1459822020641"}
  [1m[35mUser Load (0.4ms)[0m  SELECT  `users`.* FROM `users`  WHERE `users`.`id` = 1  ORDER BY `users`.`id` ASC LIMIT 1
  [1m[36m (0.3ms)[0m  [1mSELECT COUNT(*) FROM `users`  WHERE `users`.`member_type` = 2[0m
  [1m[35mCACHE (0.0ms)[0m  SELECT COUNT(*) FROM `users`  WHERE `users`.`member_type` = 2
  [1m[36mUser Load (0.3ms)[0m  [1mSELECT  `users`.* FROM `users`  WHERE `users`.`member_type` = 2  ORDER BY id asc LIMIT 15 OFFSET 0[0m
  [1m[35mSource Load (0.3ms)[0m  SELECT  `sources`.* FROM `sources`  WHERE `sources`.`user_id` = 2  ORDER BY `sources`.`id` ASC LIMIT 1
  [1m[36mSource Load (0.3ms)[0m  [1mSELECT  `sources`.* FROM `sources`  WHERE `sources`.`user_id` = 3  ORDER BY `sources`.`id` ASC LIMIT 1[0m
Completed 200 OK in 8ms (Views: 4.4ms | ActiveRecord: 1.6ms)


Started DELETE "/users/sign_out" for 127.0.0.1 at 2016-04-05 10:07:26 +0800
Processing by Users::SessionsController#destroy as HTML
  Parameters: {"authenticity_token"=>"Mbxoo1zCeznzEgcgF+diIMwocoFMMVK6nWcxFtuVs/0="}
  [1m[35mUser Load (0.5ms)[0m  SELECT  `users`.* FROM `users`  WHERE `users`.`id` = 1  ORDER BY `users`.`id` ASC LIMIT 1
  [1m[36m (0.2ms)[0m  [1mBEGIN[0m
  [1m[35m (0.1ms)[0m  COMMIT
Redirected to http://localhost:4050/
Completed 302 Found in 8ms (ActiveRecord: 0.8ms)


Started GET "/" for 127.0.0.1 at 2016-04-05 10:07:26 +0800
Processing by HomeController#index as HTML
  Rendered home/index.html.haml within layouts/application (0.3ms)
  Rendered layouts/_navigation.html.haml (2.1ms)
  Rendered layouts/_footer.html.haml (1.3ms)
Completed 200 OK in 1258ms (Views: 1255.3ms | ActiveRecord: 0.0ms)


Started POST "/users/sign_in" for 127.0.0.1 at 2016-04-05 10:07:33 +0800
Processing by Users::SessionsController#create as JSON
  Parameters: {"utf8"=>"✓", "authenticity_token"=>"yfkz/O6th7fj3smiFCLGpk66bBXC3GBakt8/rY8PLVg=", "fake_email"=>"dvidlui@gmail.com", "fake_password"=>"[FILTERED]", "user"=>{"email"=>"test1@email.com", "password"=>"[FILTERED]"}}
  [1m[36mUser Load (0.4ms)[0m  [1mSELECT  `users`.* FROM `users`  WHERE `users`.`email` = 'test1@email.com'  ORDER BY `users`.`id` ASC LIMIT 1[0m
Completed 401 Unauthorized in 3ms
  [1m[36mUser Load (0.3ms)[0m  [1mSELECT  `users`.* FROM `users`  WHERE `users`.`email` = 'test1@email.com' LIMIT 1[0m
  [1m[35mUser Load (0.4ms)[0m  SELECT  `users`.* FROM `users`  WHERE `users`.`email` = 'test1@email.com' LIMIT 1
  [1m[36m (0.2ms)[0m  [1mBEGIN[0m
  [1m[35mSQL (0.4ms)[0m  UPDATE `users` SET `encrypted_password` = '$2a$10$HEs8.9GPQPncRWJARTfQ6epzwE0nXWWLib8QGHsI9NIUPUUOhBxbq', `updated_at` = '2016-04-05 02:09:09' WHERE `users`.`id` = 3
  [1m[36m (0.5ms)[0m  [1mCOMMIT[0m


Started DELETE "/users/sign_out" for 192.168.0.139 at 2016-04-05 10:09:17 +0800
Processing by Users::SessionsController#destroy as HTML
  Parameters: {"authenticity_token"=>"YY0jwOHyh+iIWBi6TjqIQoHWy3s0wJnW1wzocIav/S4="}
  [1m[35mUser Load (0.4ms)[0m  SELECT  `users`.* FROM `users`  WHERE `users`.`id` = 1  ORDER BY `users`.`id` ASC LIMIT 1
  [1m[36m (0.2ms)[0m  [1mBEGIN[0m
  [1m[35m (0.2ms)[0m  COMMIT
Redirected to http://192.168.0.139:4050/
Completed 302 Found in 8ms (ActiveRecord: 0.8ms)


Started GET "/" for 192.168.0.139 at 2016-04-05 10:09:17 +0800
Processing by HomeController#index as HTML
  Rendered home/index.html.haml within layouts/application (0.6ms)
  Rendered layouts/_navigation.html.haml (3.4ms)
  Rendered layouts/_footer.html.haml (2.2ms)
Completed 200 OK in 1335ms (Views: 1331.8ms | ActiveRecord: 0.0ms)


Started POST "/users/sign_in" for 192.168.0.139 at 2016-04-05 10:09:27 +0800
Processing by Users::SessionsController#create as JSON
  Parameters: {"utf8"=>"✓", "authenticity_token"=>"K6F6+tosLPI2NLe/wdfRqSz9dbi9AYbung5y0qK4PTE=", "fake_email"=>"", "fake_password"=>"[FILTERED]", "user"=>{"email"=>"test1@email.com", "password"=>"[FILTERED]"}}
  [1m[36mUser Load (0.4ms)[0m  [1mSELECT  `users`.* FROM `users`  WHERE `users`.`email` = 'test1@email.com'  ORDER BY `users`.`id` ASC LIMIT 1[0m
  [1m[35mCACHE (0.0ms)[0m  SELECT  `users`.* FROM `users`  WHERE `users`.`email` = 'test1@email.com'  ORDER BY `users`.`id` ASC LIMIT 1
  [1m[36m (0.2ms)[0m  [1mBEGIN[0m
  [1m[35mSQL (0.4ms)[0m  UPDATE `users` SET `current_sign_in_at` = '2016-04-05 02:09:27', `current_sign_in_ip` = '192.168.0.139', `last_sign_in_at` = '2016-04-05 02:09:27', `last_sign_in_ip` = '192.168.0.139', `sign_in_count` = 1, `updated_at` = '2016-04-05 02:09:27' WHERE `users`.`id` = 3
  [1m[36m (0.5ms)[0m  [1mCOMMIT[0m
Completed 200 OK in 87ms (Views: 0.2ms | ActiveRecord: 1.5ms)


Started GET "/dashboard" for 192.168.0.139 at 2016-04-05 10:09:27 +0800
Processing by DashboardController#index as HTML
  [1m[35mUser Load (0.4ms)[0m  SELECT  `users`.* FROM `users`  WHERE `users`.`id` = 3  ORDER BY `users`.`id` ASC LIMIT 1
Redirected to http://192.168.0.139:4050/dashboard/users/profile?type=new_user
Filter chain halted as :authenticate_verify_user rendered or redirected
Completed 302 Found in 3ms (ActiveRecord: 0.4ms)


Started GET "/dashboard/users/profile?type=new_user" for 192.168.0.139 at 2016-04-05 10:09:27 +0800
Processing by Dashboard::UsersController#profile as HTML
  Parameters: {"type"=>"new_user"}
  [1m[36mUser Load (0.5ms)[0m  [1mSELECT  `users`.* FROM `users`  WHERE `users`.`id` = 3  ORDER BY `users`.`id` ASC LIMIT 1[0m
  Rendered dashboard/users/profile.html.haml within layouts/dashboard (3.3ms)
  Rendered layouts/_navigation.html.haml (0.8ms)
  Rendered layouts/_footer.html.haml (1.5ms)
Completed 200 OK in 1336ms (Views: 1332.7ms | ActiveRecord: 0.5ms)


Started PATCH "/dashboard/users/update_profile" for 192.168.0.139 at 2016-04-05 10:09:44 +0800
Processing by Dashboard::UsersController#update_profile as HTML
  Parameters: {"utf8"=>"✓", "authenticity_token"=>"acNzUz2pWS/UY+CLSG6MjhNmiNA4iy9Rbpb+Dzm9C58=", "user"=>{"first_name"=>"Test1", "last_name"=>"Test1", "password"=>"[FILTERED]", "password_confirmation"=>"[FILTERED]"}, "user_id"=>"3", "commit"=>"Save Changes"}
  [1m[35mUser Load (0.4ms)[0m  SELECT  `users`.* FROM `users`  WHERE `users`.`id` = 3  ORDER BY `users`.`id` ASC LIMIT 1
  [1m[36mUser Load (0.4ms)[0m  [1mSELECT  `users`.* FROM `users`  WHERE `users`.`id` = 3 LIMIT 1[0m
DEPRECATION WARNING: confirm! is deprecated in favor of confirm. (called from update_profile at /Volumes/Work/zNode/aBunchProject/gevent-analysis/app/controllers/dashboard/users_controller.rb:80)
  [1m[35m (0.2ms)[0m  BEGIN
  [1m[36mSQL (0.4ms)[0m  [1mUPDATE `users` SET `encrypted_password` = '$2a$10$8xc1EK9Mw7Sr.Tr1230THeUM9A6mLIN676yel67sjezK5ND8cOJwG', `first_name` = 'Test1', `last_name` = 'Test1', `updated_at` = '2016-04-05 02:09:44' WHERE `users`.`id` = 3[0m
  [1m[35m (0.5ms)[0m  COMMIT
Redirected to http://192.168.0.139:4050/userboard
Completed 302 Found in 87ms (ActiveRecord: 1.9ms)


Started GET "/userboard" for 192.168.0.139 at 2016-04-05 10:09:44 +0800
Processing by UserboardController#index as HTML
  [1m[36mUser Load (0.5ms)[0m  [1mSELECT  `users`.* FROM `users`  WHERE `users`.`id` = 3  ORDER BY `users`.`id` ASC LIMIT 1[0m
  [1m[35mSource Load (0.4ms)[0m  SELECT  `sources`.* FROM `sources`  WHERE `sources`.`user_id` = 3  ORDER BY `sources`.`id` ASC LIMIT 1
  [1m[36m (0.4ms)[0m  [1mSELECT COUNT(*) FROM `sources`  WHERE `sources`.`user_id` = 3[0m
  Rendered userboard/index.html.haml within layouts/userboard (3.6ms)
  Rendered shared/_left_side.html.haml (0.2ms)
  Rendered layouts/_navigation.html.haml (1.3ms)
  Rendered shared/_breadcrumb_dashboard.html.haml (0.2ms)
  Rendered shared/_breadcrumb_dashboard_xs.html.haml (0.2ms)
  Rendered shared/_breadcrumbs.html.haml (2.5ms)
Completed 200 OK in 1342ms (Views: 1336.5ms | ActiveRecord: 1.2ms)


Started GET "/userboard.json?sEcho=1&iColumns=5&sColumns=%2C%2C%2C%2C&iDisplayStart=0&iDisplayLength=15&mDataProp_0=0&sSearch_0=&bRegex_0=false&bSearchable_0=true&bSortable_0=true&mDataProp_1=1&sSearch_1=&bRegex_1=false&bSearchable_1=true&bSortable_1=true&mDataProp_2=2&sSearch_2=&bRegex_2=false&bSearchable_2=true&bSortable_2=true&mDataProp_3=3&sSearch_3=&bRegex_3=false&bSearchable_3=true&bSortable_3=true&mDataProp_4=4&sSearch_4=&bRegex_4=false&bSearchable_4=true&bSortable_4=false&sSearch=&bRegex=false&iSortCol_0=0&sSortDir_0=asc&iSortingCols=1&_=1459822186110" for 192.168.0.139 at 2016-04-05 10:09:47 +0800
Processing by UserboardController#index as JSON
  Parameters: {"sEcho"=>"1", "iColumns"=>"5", "sColumns"=>",,,,", "iDisplayStart"=>"0", "iDisplayLength"=>"15", "mDataProp_0"=>"0", "sSearch_0"=>"", "bRegex_0"=>"false", "bSearchable_0"=>"true", "bSortable_0"=>"true", "mDataProp_1"=>"1", "sSearch_1"=>"", "bRegex_1"=>"false", "bSearchable_1"=>"true", "bSortable_1"=>"true", "mDataProp_2"=>"2", "sSearch_2"=>"", "bRegex_2"=>"false", "bSearchable_2"=>"true", "bSortable_2"=>"true", "mDataProp_3"=>"3", "sSearch_3"=>"", "bRegex_3"=>"false", "bSearchable_3"=>"true", "bSortable_3"=>"true", "mDataProp_4"=>"4", "sSearch_4"=>"", "bRegex_4"=>"false", "bSearchable_4"=>"true", "bSortable_4"=>"false", "sSearch"=>"", "bRegex"=>"false", "iSortCol_0"=>"0", "sSortDir_0"=>"asc", "iSortingCols"=>"1", "_"=>"1459822186110"}
  [1m[35mUser Load (0.6ms)[0m  SELECT  `users`.* FROM `users`  WHERE `users`.`id` = 3  ORDER BY `users`.`id` ASC LIMIT 1
  [1m[36mSource Load (0.5ms)[0m  [1mSELECT  `sources`.* FROM `sources`  WHERE `sources`.`user_id` = 3  ORDER BY `sources`.`id` ASC LIMIT 1[0m
Completed 200 OK in 9ms (Views: 0.3ms | ActiveRecord: 1.1ms)


Started DELETE "/users/sign_out" for 192.168.0.139 at 2016-04-05 10:09:51 +0800
Processing by Users::SessionsController#destroy as HTML
  Parameters: {"authenticity_token"=>"acNzUz2pWS/UY+CLSG6MjhNmiNA4iy9Rbpb+Dzm9C58="}
  [1m[35mUser Load (0.4ms)[0m  SELECT  `users`.* FROM `users`  WHERE `users`.`id` = 3  ORDER BY `users`.`id` ASC LIMIT 1
  [1m[36m (0.2ms)[0m  [1mBEGIN[0m
  [1m[35m (0.1ms)[0m  COMMIT
Redirected to http://192.168.0.139:4050/
Completed 302 Found in 7ms (ActiveRecord: 0.7ms)


Started GET "/" for 192.168.0.139 at 2016-04-05 10:09:51 +0800
Processing by HomeController#index as HTML
  Rendered home/index.html.haml within layouts/application (0.3ms)
  Rendered layouts/_navigation.html.haml (3.4ms)
  Rendered layouts/_footer.html.haml (1.1ms)
Completed 200 OK in 1321ms (Views: 1317.5ms | ActiveRecord: 0.0ms)
